
> enculture-platform@1.0.0 dev
> vite


  VITE v4.5.14  ready in 262 ms

  ➜  Local:   http://localhost:3000/
  ➜  Network: use --host to expose
5:15:04 PM [vite] hmr update /src/components/AIChat.jsx
5:15:05 PM [vite] hmr update /src/components/AIChat.jsx
5:15:14 PM [vite] hmr update /src/components/AIChat.jsx
5:15:14 PM [vite] Internal server error: /Users/naman/Enculture-Intelligence-Platform/src/components/AIChat.jsx: Unterminated template. (3813:19)

  3811 |       </div>
  3812 |
> 3813 |       <style jsx>{`
       |                    ^
  3814 |         .chat-container {
  3815 |           display: flex;
  3816 |           flex-direction: column;
  Plugin: vite:react-babel
  File: /Users/naman/Enculture-Intelligence-Platform/src/components/AIChat.jsx:3813:19
  3811|        </div>
  3812|  
  3813|        <style jsx>{`
     |                     ^
  3814|          .chat-container {
  3815|            display: flex;
      at constructor (/Users/naman/Enculture-Intelligence-Platform/node_modules/@babel/parser/lib/index.js:367:19)
      at JSXParserMixin.raise (/Users/naman/Enculture-Intelligence-Platform/node_modules/@babel/parser/lib/index.js:6630:19)
      at Object.unterminated (/Users/naman/Enculture-Intelligence-Platform/node_modules/@babel/parser/lib/index.js:5701:20)
      at readStringContents (/Users/naman/Enculture-Intelligence-Platform/node_modules/@babel/parser/lib/index.js:5396:14)
      at JSXParserMixin.readTemplateToken (/Users/naman/Enculture-Intelligence-Platform/node_modules/@babel/parser/lib/index.js:6550:9)
      at JSXParserMixin.getTokenFromCode (/Users/naman/Enculture-Intelligence-Platform/node_modules/@babel/parser/lib/index.js:6258:14)
      at JSXParserMixin.getTokenFromCode (/Users/naman/Enculture-Intelligence-Platform/node_modules/@babel/parser/lib/index.js:4830:11)
      at JSXParserMixin.nextToken (/Users/naman/Enculture-Intelligence-Platform/node_modules/@babel/parser/lib/index.js:5813:10)
      at JSXParserMixin.next (/Users/naman/Enculture-Intelligence-Platform/node_modules/@babel/parser/lib/index.js:5723:10)
      at JSXParserMixin.jsxParseElementAt (/Users/naman/Enculture-Intelligence-Platform/node_modules/@babel/parser/lib/index.js:4740:20)
      at JSXParserMixin.jsxParseElementAt (/Users/naman/Enculture-Intelligence-Platform/node_modules/@babel/parser/lib/index.js:4731:32)
      at JSXParserMixin.jsxParseElement (/Users/naman/Enculture-Intelligence-Platform/node_modules/@babel/parser/lib/index.js:4782:17)
      at JSXParserMixin.parseExprAtom (/Users/naman/Enculture-Intelligence-Platform/node_modules/@babel/parser/lib/index.js:4792:19)
      at JSXParserMixin.parseExprSubscripts (/Users/naman/Enculture-Intelligence-Platform/node_modules/@babel/parser/lib/index.js:11085:23)
      at JSXParserMixin.parseUpdate (/Users/naman/Enculture-Intelligence-Platform/node_modules/@babel/parser/lib/index.js:11070:21)
      at JSXParserMixin.parseMaybeUnary (/Users/naman/Enculture-Intelligence-Platform/node_modules/@babel/parser/lib/index.js:11050:23)
      at JSXParserMixin.parseMaybeUnaryOrPrivate (/Users/naman/Enculture-Intelligence-Platform/node_modules/@babel/parser/lib/index.js:10903:61)
      at JSXParserMixin.parseExprOps (/Users/naman/Enculture-Intelligence-Platform/node_modules/@babel/parser/lib/index.js:10908:23)
      at JSXParserMixin.parseMaybeConditional (/Users/naman/Enculture-Intelligence-Platform/node_modules/@babel/parser/lib/index.js:10885:23)
      at JSXParserMixin.parseMaybeAssign (/Users/naman/Enculture-Intelligence-Platform/node_modules/@babel/parser/lib/index.js:10835:21)
      at /Users/naman/Enculture-Intelligence-Platform/node_modules/@babel/parser/lib/index.js:10804:39
      at JSXParserMixin.allowInAnd (/Users/naman/Enculture-Intelligence-Platform/node_modules/@babel/parser/lib/index.js:12436:12)
      at JSXParserMixin.parseMaybeAssignAllowIn (/Users/naman/Enculture-Intelligence-Platform/node_modules/@babel/parser/lib/index.js:10804:17)
      at JSXParserMixin.parseMaybeAssignAllowInOrVoidPattern (/Users/naman/Enculture-Intelligence-Platform/node_modules/@babel/parser/lib/index.js:12503:17)
      at JSXParserMixin.parseParenAndDistinguishExpression (/Users/naman/Enculture-Intelligence-Platform/node_modules/@babel/parser/lib/index.js:11683:28)
      at JSXParserMixin.parseExprAtom (/Users/naman/Enculture-Intelligence-Platform/node_modules/@babel/parser/lib/index.js:11335:23)
      at JSXParserMixin.parseExprAtom (/Users/naman/Enculture-Intelligence-Platform/node_modules/@babel/parser/lib/index.js:4797:20)
      at JSXParserMixin.parseExprSubscripts (/Users/naman/Enculture-Intelligence-Platform/node_modules/@babel/parser/lib/index.js:11085:23)
      at JSXParserMixin.parseUpdate (/Users/naman/Enculture-Intelligence-Platform/node_modules/@babel/parser/lib/index.js:11070:21)
      at JSXParserMixin.parseMaybeUnary (/Users/naman/Enculture-Intelligence-Platform/node_modules/@babel/parser/lib/index.js:11050:23)
      at JSXParserMixin.parseMaybeUnaryOrPrivate (/Users/naman/Enculture-Intelligence-Platform/node_modules/@babel/parser/lib/index.js:10903:61)
      at JSXParserMixin.parseExprOps (/Users/naman/Enculture-Intelligence-Platform/node_modules/@babel/parser/lib/index.js:10908:23)
      at JSXParserMixin.parseMaybeConditional (/Users/naman/Enculture-Intelligence-Platform/node_modules/@babel/parser/lib/index.js:10885:23)
      at JSXParserMixin.parseMaybeAssign (/Users/naman/Enculture-Intelligence-Platform/node_modules/@babel/parser/lib/index.js:10835:21)
      at JSXParserMixin.parseExpressionBase (/Users/naman/Enculture-Intelligence-Platform/node_modules/@babel/parser/lib/index.js:10788:23)
      at /Users/naman/Enculture-Intelligence-Platform/node_modules/@babel/parser/lib/index.js:10784:39
      at JSXParserMixin.allowInAnd (/Users/naman/Enculture-Intelligence-Platform/node_modules/@babel/parser/lib/index.js:12431:16)
      at JSXParserMixin.parseExpression (/Users/naman/Enculture-Intelligence-Platform/node_modules/@babel/parser/lib/index.js:10784:17)
      at JSXParserMixin.parseReturnStatement (/Users/naman/Enculture-Intelligence-Platform/node_modules/@babel/parser/lib/index.js:13151:28)
      at JSXParserMixin.parseStatementContent (/Users/naman/Enculture-Intelligence-Platform/node_modules/@babel/parser/lib/index.js:12807:21)
      at JSXParserMixin.parseStatementLike (/Users/naman/Enculture-Intelligence-Platform/node_modules/@babel/parser/lib/index.js:12776:17)
      at JSXParserMixin.parseStatementListItem (/Users/naman/Enculture-Intelligence-Platform/node_modules/@babel/parser/lib/index.js:12756:17)
      at JSXParserMixin.parseBlockOrModuleBlockBody (/Users/naman/Enculture-Intelligence-Platform/node_modules/@babel/parser/lib/index.js:13325:61)
      at JSXParserMixin.parseBlockBody (/Users/naman/Enculture-Intelligence-Platform/node_modules/@babel/parser/lib/index.js:13318:10)
      at JSXParserMixin.parseBlock (/Users/naman/Enculture-Intelligence-Platform/node_modules/@babel/parser/lib/index.js:13306:10)
      at JSXParserMixin.parseFunctionBody (/Users/naman/Enculture-Intelligence-Platform/node_modules/@babel/parser/lib/index.js:12110:24)
      at JSXParserMixin.parseFunctionBodyAndFinish (/Users/naman/Enculture-Intelligence-Platform/node_modules/@babel/parser/lib/index.js:12096:10)
      at /Users/naman/Enculture-Intelligence-Platform/node_modules/@babel/parser/lib/index.js:13454:12
      at JSXParserMixin.withSmartMixTopicForbiddingContext (/Users/naman/Enculture-Intelligence-Platform/node_modules/@babel/parser/lib/index.js:12413:14)
      at JSXParserMixin.parseFunction (/Users/naman/Enculture-Intelligence-Platform/node_modules/@babel/parser/lib/index.js:13453:10)
5:15:19 PM [vite] hmr update /src/components/AIChat.jsx
5:15:25 PM [vite] hmr update /src/components/AIChat.jsx
5:15:25 PM [vite] hmr update /src/App.jsx
5:15:29 PM [vite] hmr update /src/components/AIChat.jsx
5:15:29 PM [vite] Internal server error: /Users/naman/Enculture-Intelligence-Platform/src/components/AIChat.jsx: Unterminated JSX contents. (3205:65)

  3203 |
  3204 |                           {/* Timing Section */}
> 3205 |                           <div className="config-section-modern">
       |                                                                  ^
  3206 |
  Plugin: vite:react-babel
  File: /Users/naman/Enculture-Intelligence-Platform/src/components/AIChat.jsx:3205:65
  3203|  
  3204|                            {/* Timing Section */}
  3205|                            <div className="config-section-modern">
     |                                                                   ^
  3206|  
      at constructor (/Users/naman/Enculture-Intelligence-Platform/node_modules/@babel/parser/lib/index.js:367:19)
      at JSXParserMixin.raise (/Users/naman/Enculture-Intelligence-Platform/node_modules/@babel/parser/lib/index.js:6630:19)
      at JSXParserMixin.jsxReadToken (/Users/naman/Enculture-Intelligence-Platform/node_modules/@babel/parser/lib/index.js:4481:20)
      at JSXParserMixin.getTokenFromCode (/Users/naman/Enculture-Intelligence-Platform/node_modules/@babel/parser/lib/index.js:4807:12)
      at JSXParserMixin.nextToken (/Users/naman/Enculture-Intelligence-Platform/node_modules/@babel/parser/lib/index.js:5813:10)
      at JSXParserMixin.next (/Users/naman/Enculture-Intelligence-Platform/node_modules/@babel/parser/lib/index.js:5723:10)
      at JSXParserMixin.eat (/Users/naman/Enculture-Intelligence-Platform/node_modules/@babel/parser/lib/index.js:5727:12)
      at JSXParserMixin.expect (/Users/naman/Enculture-Intelligence-Platform/node_modules/@babel/parser/lib/index.js:6929:15)
      at JSXParserMixin.jsxParseOpeningElementAfterName (/Users/naman/Enculture-Intelligence-Platform/node_modules/@babel/parser/lib/index.js:4704:10)
      at JSXParserMixin.jsxParseOpeningElementAt (/Users/naman/Enculture-Intelligence-Platform/node_modules/@babel/parser/lib/index.js:4695:17)
      at JSXParserMixin.jsxParseElementAt (/Users/naman/Enculture-Intelligence-Platform/node_modules/@babel/parser/lib/index.js:4719:33)
      at JSXParserMixin.jsxParseElementAt (/Users/naman/Enculture-Intelligence-Platform/node_modules/@babel/parser/lib/index.js:4731:32)
      at JSXParserMixin.jsxParseElementAt (/Users/naman/Enculture-Intelligence-Platform/node_modules/@babel/parser/lib/index.js:4731:32)
      at JSXParserMixin.jsxParseElementAt (/Users/naman/Enculture-Intelligence-Platform/node_modules/@babel/parser/lib/index.js:4731:32)
      at JSXParserMixin.jsxParseElementAt (/Users/naman/Enculture-Intelligence-Platform/node_modules/@babel/parser/lib/index.js:4731:32)
      at JSXParserMixin.jsxParseElement (/Users/naman/Enculture-Intelligence-Platform/node_modules/@babel/parser/lib/index.js:4782:17)
      at JSXParserMixin.parseExprAtom (/Users/naman/Enculture-Intelligence-Platform/node_modules/@babel/parser/lib/index.js:4792:19)
      at JSXParserMixin.parseExprSubscripts (/Users/naman/Enculture-Intelligence-Platform/node_modules/@babel/parser/lib/index.js:11085:23)
      at JSXParserMixin.parseUpdate (/Users/naman/Enculture-Intelligence-Platform/node_modules/@babel/parser/lib/index.js:11070:21)
      at JSXParserMixin.parseMaybeUnary (/Users/naman/Enculture-Intelligence-Platform/node_modules/@babel/parser/lib/index.js:11050:23)
      at JSXParserMixin.parseMaybeUnaryOrPrivate (/Users/naman/Enculture-Intelligence-Platform/node_modules/@babel/parser/lib/index.js:10903:61)
      at JSXParserMixin.parseExprOps (/Users/naman/Enculture-Intelligence-Platform/node_modules/@babel/parser/lib/index.js:10908:23)
      at JSXParserMixin.parseMaybeConditional (/Users/naman/Enculture-Intelligence-Platform/node_modules/@babel/parser/lib/index.js:10885:23)
      at JSXParserMixin.parseMaybeAssign (/Users/naman/Enculture-Intelligence-Platform/node_modules/@babel/parser/lib/index.js:10835:21)
      at /Users/naman/Enculture-Intelligence-Platform/node_modules/@babel/parser/lib/index.js:10804:39
      at JSXParserMixin.allowInAnd (/Users/naman/Enculture-Intelligence-Platform/node_modules/@babel/parser/lib/index.js:12436:12)
      at JSXParserMixin.parseMaybeAssignAllowIn (/Users/naman/Enculture-Intelligence-Platform/node_modules/@babel/parser/lib/index.js:10804:17)
      at JSXParserMixin.parseMaybeAssignAllowInOrVoidPattern (/Users/naman/Enculture-Intelligence-Platform/node_modules/@babel/parser/lib/index.js:12503:17)
      at JSXParserMixin.parseParenAndDistinguishExpression (/Users/naman/Enculture-Intelligence-Platform/node_modules/@babel/parser/lib/index.js:11683:28)
      at JSXParserMixin.parseExprAtom (/Users/naman/Enculture-Intelligence-Platform/node_modules/@babel/parser/lib/index.js:11335:23)
      at JSXParserMixin.parseExprAtom (/Users/naman/Enculture-Intelligence-Platform/node_modules/@babel/parser/lib/index.js:4797:20)
      at JSXParserMixin.parseExprSubscripts (/Users/naman/Enculture-Intelligence-Platform/node_modules/@babel/parser/lib/index.js:11085:23)
      at JSXParserMixin.parseUpdate (/Users/naman/Enculture-Intelligence-Platform/node_modules/@babel/parser/lib/index.js:11070:21)
      at JSXParserMixin.parseMaybeUnary (/Users/naman/Enculture-Intelligence-Platform/node_modules/@babel/parser/lib/index.js:11050:23)
      at JSXParserMixin.parseMaybeUnaryOrPrivate (/Users/naman/Enculture-Intelligence-Platform/node_modules/@babel/parser/lib/index.js:10903:61)
      at JSXParserMixin.parseExprOpBaseRightExpr (/Users/naman/Enculture-Intelligence-Platform/node_modules/@babel/parser/lib/index.js:10990:34)
      at JSXParserMixin.parseExprOpRightExpr (/Users/naman/Enculture-Intelligence-Platform/node_modules/@babel/parser/lib/index.js:10985:21)
      at JSXParserMixin.parseExprOp (/Users/naman/Enculture-Intelligence-Platform/node_modules/@babel/parser/lib/index.js:10951:27)
      at JSXParserMixin.parseExprOp (/Users/naman/Enculture-Intelligence-Platform/node_modules/@babel/parser/lib/index.js:10957:21)
      at JSXParserMixin.parseExprOps (/Users/naman/Enculture-Intelligence-Platform/node_modules/@babel/parser/lib/index.js:10912:17)
      at JSXParserMixin.parseMaybeConditional (/Users/naman/Enculture-Intelligence-Platform/node_modules/@babel/parser/lib/index.js:10885:23)
      at JSXParserMixin.parseMaybeAssign (/Users/naman/Enculture-Intelligence-Platform/node_modules/@babel/parser/lib/index.js:10835:21)
      at JSXParserMixin.parseExpressionBase (/Users/naman/Enculture-Intelligence-Platform/node_modules/@babel/parser/lib/index.js:10788:23)
      at /Users/naman/Enculture-Intelligence-Platform/node_modules/@babel/parser/lib/index.js:10784:39
      at JSXParserMixin.allowInAnd (/Users/naman/Enculture-Intelligence-Platform/node_modules/@babel/parser/lib/index.js:12436:12)
      at JSXParserMixin.parseExpression (/Users/naman/Enculture-Intelligence-Platform/node_modules/@babel/parser/lib/index.js:10784:17)
      at JSXParserMixin.jsxParseExpressionContainer (/Users/naman/Enculture-Intelligence-Platform/node_modules/@babel/parser/lib/index.js:4665:31)
      at JSXParserMixin.jsxParseElementAt (/Users/naman/Enculture-Intelligence-Platform/node_modules/@babel/parser/lib/index.js:4744:36)
      at JSXParserMixin.jsxParseElementAt (/Users/naman/Enculture-Intelligence-Platform/node_modules/@babel/parser/lib/index.js:4731:32)
      at JSXParserMixin.jsxParseElement (/Users/naman/Enculture-Intelligence-Platform/node_modules/@babel/parser/lib/index.js:4782:17)
5:15:29 PM [vite] hmr update /src/components/AIChat.jsx
5:15:33 PM [vite] hmr update /src/components/AIChat.jsx
5:15:33 PM [vite] hmr update /src/App.jsx
5:15:37 PM [vite] hmr update /src/components/AIChat.jsx
5:15:37 PM [vite] Internal server error: /Users/naman/Enculture-Intelligence-Platform/src/components/AIChat.jsx: Unterminated JSX contents. (3197:65)

  3195 |
  3196 |                           {/* Timing Section */}
> 3197 |                           <div className="config-section-modern">
       |                                                                  ^
  3198 |
  Plugin: vite:react-babel
  File: /Users/naman/Enculture-Intelligence-Platform/src/components/AIChat.jsx:3197:65
  3195|  
  3196|                            {/* Timing Section */}
  3197|                            <div className="config-section-modern">
     |                                                                   ^
  3198|  
      at constructor (/Users/naman/Enculture-Intelligence-Platform/node_modules/@babel/parser/lib/index.js:367:19)
      at JSXParserMixin.raise (/Users/naman/Enculture-Intelligence-Platform/node_modules/@babel/parser/lib/index.js:6630:19)
      at JSXParserMixin.jsxReadToken (/Users/naman/Enculture-Intelligence-Platform/node_modules/@babel/parser/lib/index.js:4481:20)
      at JSXParserMixin.getTokenFromCode (/Users/naman/Enculture-Intelligence-Platform/node_modules/@babel/parser/lib/index.js:4807:12)
      at JSXParserMixin.nextToken (/Users/naman/Enculture-Intelligence-Platform/node_modules/@babel/parser/lib/index.js:5813:10)
      at JSXParserMixin.next (/Users/naman/Enculture-Intelligence-Platform/node_modules/@babel/parser/lib/index.js:5723:10)
      at JSXParserMixin.eat (/Users/naman/Enculture-Intelligence-Platform/node_modules/@babel/parser/lib/index.js:5727:12)
      at JSXParserMixin.expect (/Users/naman/Enculture-Intelligence-Platform/node_modules/@babel/parser/lib/index.js:6929:15)
      at JSXParserMixin.jsxParseOpeningElementAfterName (/Users/naman/Enculture-Intelligence-Platform/node_modules/@babel/parser/lib/index.js:4704:10)
      at JSXParserMixin.jsxParseOpeningElementAt (/Users/naman/Enculture-Intelligence-Platform/node_modules/@babel/parser/lib/index.js:4695:17)
      at JSXParserMixin.jsxParseElementAt (/Users/naman/Enculture-Intelligence-Platform/node_modules/@babel/parser/lib/index.js:4719:33)
      at JSXParserMixin.jsxParseElementAt (/Users/naman/Enculture-Intelligence-Platform/node_modules/@babel/parser/lib/index.js:4731:32)
      at JSXParserMixin.jsxParseElementAt (/Users/naman/Enculture-Intelligence-Platform/node_modules/@babel/parser/lib/index.js:4731:32)
      at JSXParserMixin.jsxParseElementAt (/Users/naman/Enculture-Intelligence-Platform/node_modules/@babel/parser/lib/index.js:4731:32)
      at JSXParserMixin.jsxParseElementAt (/Users/naman/Enculture-Intelligence-Platform/node_modules/@babel/parser/lib/index.js:4731:32)
      at JSXParserMixin.jsxParseElement (/Users/naman/Enculture-Intelligence-Platform/node_modules/@babel/parser/lib/index.js:4782:17)
      at JSXParserMixin.parseExprAtom (/Users/naman/Enculture-Intelligence-Platform/node_modules/@babel/parser/lib/index.js:4792:19)
      at JSXParserMixin.parseExprSubscripts (/Users/naman/Enculture-Intelligence-Platform/node_modules/@babel/parser/lib/index.js:11085:23)
      at JSXParserMixin.parseUpdate (/Users/naman/Enculture-Intelligence-Platform/node_modules/@babel/parser/lib/index.js:11070:21)
      at JSXParserMixin.parseMaybeUnary (/Users/naman/Enculture-Intelligence-Platform/node_modules/@babel/parser/lib/index.js:11050:23)
      at JSXParserMixin.parseMaybeUnaryOrPrivate (/Users/naman/Enculture-Intelligence-Platform/node_modules/@babel/parser/lib/index.js:10903:61)
      at JSXParserMixin.parseExprOps (/Users/naman/Enculture-Intelligence-Platform/node_modules/@babel/parser/lib/index.js:10908:23)
      at JSXParserMixin.parseMaybeConditional (/Users/naman/Enculture-Intelligence-Platform/node_modules/@babel/parser/lib/index.js:10885:23)
      at JSXParserMixin.parseMaybeAssign (/Users/naman/Enculture-Intelligence-Platform/node_modules/@babel/parser/lib/index.js:10835:21)
      at /Users/naman/Enculture-Intelligence-Platform/node_modules/@babel/parser/lib/index.js:10804:39
      at JSXParserMixin.allowInAnd (/Users/naman/Enculture-Intelligence-Platform/node_modules/@babel/parser/lib/index.js:12436:12)
      at JSXParserMixin.parseMaybeAssignAllowIn (/Users/naman/Enculture-Intelligence-Platform/node_modules/@babel/parser/lib/index.js:10804:17)
      at JSXParserMixin.parseMaybeAssignAllowInOrVoidPattern (/Users/naman/Enculture-Intelligence-Platform/node_modules/@babel/parser/lib/index.js:12503:17)
      at JSXParserMixin.parseParenAndDistinguishExpression (/Users/naman/Enculture-Intelligence-Platform/node_modules/@babel/parser/lib/index.js:11683:28)
      at JSXParserMixin.parseExprAtom (/Users/naman/Enculture-Intelligence-Platform/node_modules/@babel/parser/lib/index.js:11335:23)
      at JSXParserMixin.parseExprAtom (/Users/naman/Enculture-Intelligence-Platform/node_modules/@babel/parser/lib/index.js:4797:20)
      at JSXParserMixin.parseExprSubscripts (/Users/naman/Enculture-Intelligence-Platform/node_modules/@babel/parser/lib/index.js:11085:23)
      at JSXParserMixin.parseUpdate (/Users/naman/Enculture-Intelligence-Platform/node_modules/@babel/parser/lib/index.js:11070:21)
      at JSXParserMixin.parseMaybeUnary (/Users/naman/Enculture-Intelligence-Platform/node_modules/@babel/parser/lib/index.js:11050:23)
      at JSXParserMixin.parseMaybeUnaryOrPrivate (/Users/naman/Enculture-Intelligence-Platform/node_modules/@babel/parser/lib/index.js:10903:61)
      at JSXParserMixin.parseExprOpBaseRightExpr (/Users/naman/Enculture-Intelligence-Platform/node_modules/@babel/parser/lib/index.js:10990:34)
      at JSXParserMixin.parseExprOpRightExpr (/Users/naman/Enculture-Intelligence-Platform/node_modules/@babel/parser/lib/index.js:10985:21)
      at JSXParserMixin.parseExprOp (/Users/naman/Enculture-Intelligence-Platform/node_modules/@babel/parser/lib/index.js:10951:27)
      at JSXParserMixin.parseExprOp (/Users/naman/Enculture-Intelligence-Platform/node_modules/@babel/parser/lib/index.js:10957:21)
      at JSXParserMixin.parseExprOps (/Users/naman/Enculture-Intelligence-Platform/node_modules/@babel/parser/lib/index.js:10912:17)
      at JSXParserMixin.parseMaybeConditional (/Users/naman/Enculture-Intelligence-Platform/node_modules/@babel/parser/lib/index.js:10885:23)
      at JSXParserMixin.parseMaybeAssign (/Users/naman/Enculture-Intelligence-Platform/node_modules/@babel/parser/lib/index.js:10835:21)
      at JSXParserMixin.parseExpressionBase (/Users/naman/Enculture-Intelligence-Platform/node_modules/@babel/parser/lib/index.js:10788:23)
      at /Users/naman/Enculture-Intelligence-Platform/node_modules/@babel/parser/lib/index.js:10784:39
      at JSXParserMixin.allowInAnd (/Users/naman/Enculture-Intelligence-Platform/node_modules/@babel/parser/lib/index.js:12436:12)
      at JSXParserMixin.parseExpression (/Users/naman/Enculture-Intelligence-Platform/node_modules/@babel/parser/lib/index.js:10784:17)
      at JSXParserMixin.jsxParseExpressionContainer (/Users/naman/Enculture-Intelligence-Platform/node_modules/@babel/parser/lib/index.js:4665:31)
      at JSXParserMixin.jsxParseElementAt (/Users/naman/Enculture-Intelligence-Platform/node_modules/@babel/parser/lib/index.js:4744:36)
      at JSXParserMixin.jsxParseElementAt (/Users/naman/Enculture-Intelligence-Platform/node_modules/@babel/parser/lib/index.js:4731:32)
      at JSXParserMixin.jsxParseElement (/Users/naman/Enculture-Intelligence-Platform/node_modules/@babel/parser/lib/index.js:4782:17)
5:15:38 PM [vite] hmr update /src/components/AIChat.jsx
5:15:59 PM [vite] hmr update /src/components/AIChat.jsx
5:16:04 PM [vite] hmr update /src/components/AIChat.jsx
5:16:10 PM [vite] hmr update /src/components/AIChat.jsx
5:16:10 PM [vite] hmr update /src/App.jsx
5:16:16 PM [vite] hmr update /src/components/AIChat.jsx
5:16:16 PM [vite] hmr update /src/App.jsx
5:16:25 PM [vite] hmr update /src/components/AIChat.jsx
5:16:25 PM [vite] hmr update /src/App.jsx
5:16:31 PM [vite] hmr update /src/components/AIChat.jsx
5:16:31 PM [vite] Internal server error: /Users/naman/Enculture-Intelligence-Platform/src/components/AIChat.jsx: Unterminated JSX contents. (1909:39)

  1907 |             </button>
  1908 |
> 1909 |             <nav className="panel-nav">
       |                                        ^
  1910 |
  Plugin: vite:react-babel
  File: /Users/naman/Enculture-Intelligence-Platform/src/components/AIChat.jsx:1909:39
  1907|              </button>
  1908|  
  1909|              <nav className="panel-nav">
     |                                         ^
  1910|  
      at constructor (/Users/naman/Enculture-Intelligence-Platform/node_modules/@babel/parser/lib/index.js:367:19)
      at JSXParserMixin.raise (/Users/naman/Enculture-Intelligence-Platform/node_modules/@babel/parser/lib/index.js:6630:19)
      at JSXParserMixin.jsxReadToken (/Users/naman/Enculture-Intelligence-Platform/node_modules/@babel/parser/lib/index.js:4481:20)
      at JSXParserMixin.getTokenFromCode (/Users/naman/Enculture-Intelligence-Platform/node_modules/@babel/parser/lib/index.js:4807:12)
      at JSXParserMixin.nextToken (/Users/naman/Enculture-Intelligence-Platform/node_modules/@babel/parser/lib/index.js:5813:10)
      at JSXParserMixin.next (/Users/naman/Enculture-Intelligence-Platform/node_modules/@babel/parser/lib/index.js:5723:10)
      at JSXParserMixin.eat (/Users/naman/Enculture-Intelligence-Platform/node_modules/@babel/parser/lib/index.js:5727:12)
      at JSXParserMixin.expect (/Users/naman/Enculture-Intelligence-Platform/node_modules/@babel/parser/lib/index.js:6929:15)
      at JSXParserMixin.jsxParseOpeningElementAfterName (/Users/naman/Enculture-Intelligence-Platform/node_modules/@babel/parser/lib/index.js:4704:10)
      at JSXParserMixin.jsxParseOpeningElementAt (/Users/naman/Enculture-Intelligence-Platform/node_modules/@babel/parser/lib/index.js:4695:17)
      at JSXParserMixin.jsxParseElementAt (/Users/naman/Enculture-Intelligence-Platform/node_modules/@babel/parser/lib/index.js:4719:33)
      at JSXParserMixin.jsxParseElementAt (/Users/naman/Enculture-Intelligence-Platform/node_modules/@babel/parser/lib/index.js:4731:32)
      at JSXParserMixin.jsxParseElementAt (/Users/naman/Enculture-Intelligence-Platform/node_modules/@babel/parser/lib/index.js:4731:32)
      at JSXParserMixin.jsxParseElementAt (/Users/naman/Enculture-Intelligence-Platform/node_modules/@babel/parser/lib/index.js:4731:32)
      at JSXParserMixin.jsxParseElementAt (/Users/naman/Enculture-Intelligence-Platform/node_modules/@babel/parser/lib/index.js:4731:32)
      at JSXParserMixin.jsxParseElement (/Users/naman/Enculture-Intelligence-Platform/node_modules/@babel/parser/lib/index.js:4782:17)
      at JSXParserMixin.parseExprAtom (/Users/naman/Enculture-Intelligence-Platform/node_modules/@babel/parser/lib/index.js:4792:19)
      at JSXParserMixin.parseExprSubscripts (/Users/naman/Enculture-Intelligence-Platform/node_modules/@babel/parser/lib/index.js:11085:23)
      at JSXParserMixin.parseUpdate (/Users/naman/Enculture-Intelligence-Platform/node_modules/@babel/parser/lib/index.js:11070:21)
      at JSXParserMixin.parseMaybeUnary (/Users/naman/Enculture-Intelligence-Platform/node_modules/@babel/parser/lib/index.js:11050:23)
      at JSXParserMixin.parseMaybeUnaryOrPrivate (/Users/naman/Enculture-Intelligence-Platform/node_modules/@babel/parser/lib/index.js:10903:61)
      at JSXParserMixin.parseExprOps (/Users/naman/Enculture-Intelligence-Platform/node_modules/@babel/parser/lib/index.js:10908:23)
      at JSXParserMixin.parseMaybeConditional (/Users/naman/Enculture-Intelligence-Platform/node_modules/@babel/parser/lib/index.js:10885:23)
      at JSXParserMixin.parseMaybeAssign (/Users/naman/Enculture-Intelligence-Platform/node_modules/@babel/parser/lib/index.js:10835:21)
      at /Users/naman/Enculture-Intelligence-Platform/node_modules/@babel/parser/lib/index.js:10804:39
      at JSXParserMixin.allowInAnd (/Users/naman/Enculture-Intelligence-Platform/node_modules/@babel/parser/lib/index.js:12436:12)
      at JSXParserMixin.parseMaybeAssignAllowIn (/Users/naman/Enculture-Intelligence-Platform/node_modules/@babel/parser/lib/index.js:10804:17)
      at JSXParserMixin.parseMaybeAssignAllowInOrVoidPattern (/Users/naman/Enculture-Intelligence-Platform/node_modules/@babel/parser/lib/index.js:12503:17)
      at JSXParserMixin.parseParenAndDistinguishExpression (/Users/naman/Enculture-Intelligence-Platform/node_modules/@babel/parser/lib/index.js:11683:28)
      at JSXParserMixin.parseExprAtom (/Users/naman/Enculture-Intelligence-Platform/node_modules/@babel/parser/lib/index.js:11335:23)
      at JSXParserMixin.parseExprAtom (/Users/naman/Enculture-Intelligence-Platform/node_modules/@babel/parser/lib/index.js:4797:20)
      at JSXParserMixin.parseExprSubscripts (/Users/naman/Enculture-Intelligence-Platform/node_modules/@babel/parser/lib/index.js:11085:23)
      at JSXParserMixin.parseUpdate (/Users/naman/Enculture-Intelligence-Platform/node_modules/@babel/parser/lib/index.js:11070:21)
      at JSXParserMixin.parseMaybeUnary (/Users/naman/Enculture-Intelligence-Platform/node_modules/@babel/parser/lib/index.js:11050:23)
      at JSXParserMixin.parseMaybeUnaryOrPrivate (/Users/naman/Enculture-Intelligence-Platform/node_modules/@babel/parser/lib/index.js:10903:61)
      at JSXParserMixin.parseExprOps (/Users/naman/Enculture-Intelligence-Platform/node_modules/@babel/parser/lib/index.js:10908:23)
      at JSXParserMixin.parseMaybeConditional (/Users/naman/Enculture-Intelligence-Platform/node_modules/@babel/parser/lib/index.js:10885:23)
      at JSXParserMixin.parseMaybeAssign (/Users/naman/Enculture-Intelligence-Platform/node_modules/@babel/parser/lib/index.js:10835:21)
      at JSXParserMixin.parseExpressionBase (/Users/naman/Enculture-Intelligence-Platform/node_modules/@babel/parser/lib/index.js:10788:23)
      at /Users/naman/Enculture-Intelligence-Platform/node_modules/@babel/parser/lib/index.js:10784:39
      at JSXParserMixin.allowInAnd (/Users/naman/Enculture-Intelligence-Platform/node_modules/@babel/parser/lib/index.js:12431:16)
      at JSXParserMixin.parseExpression (/Users/naman/Enculture-Intelligence-Platform/node_modules/@babel/parser/lib/index.js:10784:17)
      at JSXParserMixin.parseReturnStatement (/Users/naman/Enculture-Intelligence-Platform/node_modules/@babel/parser/lib/index.js:13151:28)
      at JSXParserMixin.parseStatementContent (/Users/naman/Enculture-Intelligence-Platform/node_modules/@babel/parser/lib/index.js:12807:21)
      at JSXParserMixin.parseStatementLike (/Users/naman/Enculture-Intelligence-Platform/node_modules/@babel/parser/lib/index.js:12776:17)
      at JSXParserMixin.parseStatementListItem (/Users/naman/Enculture-Intelligence-Platform/node_modules/@babel/parser/lib/index.js:12756:17)
      at JSXParserMixin.parseBlockOrModuleBlockBody (/Users/naman/Enculture-Intelligence-Platform/node_modules/@babel/parser/lib/index.js:13325:61)
      at JSXParserMixin.parseBlockBody (/Users/naman/Enculture-Intelligence-Platform/node_modules/@babel/parser/lib/index.js:13318:10)
      at JSXParserMixin.parseBlock (/Users/naman/Enculture-Intelligence-Platform/node_modules/@babel/parser/lib/index.js:13306:10)
      at JSXParserMixin.parseFunctionBody (/Users/naman/Enculture-Intelligence-Platform/node_modules/@babel/parser/lib/index.js:12110:24)
5:16:37 PM [vite] hmr update /src/components/AIChat.jsx
5:16:38 PM [vite] hmr update /src/components/AIChat.jsx
5:16:45 PM [vite] hmr update /src/components/AIChat.jsx
5:16:46 PM [vite] hmr update /src/App.jsx
5:17:55 PM [vite] hmr update /src/components/AIChat.jsx
5:18:01 PM [vite] hmr update /src/components/AIChat.jsx
5:18:01 PM [vite] hmr update /src/App.jsx
5:18:56 PM [vite] hmr update /src/components/AIChat.jsx
5:18:56 PM [vite] Internal server error: /Users/naman/Enculture-Intelligence-Platform/src/components/AIChat.jsx: Unterminated JSX contents. (3197:65)

  3195 |
  3196 |                           {/* Timing Section */}
> 3197 |                           <div className="config-section-modern">
       |                                                                  ^
  3198 |
  Plugin: vite:react-babel
  File: /Users/naman/Enculture-Intelligence-Platform/src/components/AIChat.jsx:3197:65
  3195|  
  3196|                            {/* Timing Section */}
  3197|                            <div className="config-section-modern">
     |                                                                   ^
  3198|  
      at constructor (/Users/naman/Enculture-Intelligence-Platform/node_modules/@babel/parser/lib/index.js:367:19)
      at JSXParserMixin.raise (/Users/naman/Enculture-Intelligence-Platform/node_modules/@babel/parser/lib/index.js:6630:19)
      at JSXParserMixin.jsxReadToken (/Users/naman/Enculture-Intelligence-Platform/node_modules/@babel/parser/lib/index.js:4481:20)
      at JSXParserMixin.getTokenFromCode (/Users/naman/Enculture-Intelligence-Platform/node_modules/@babel/parser/lib/index.js:4807:12)
      at JSXParserMixin.nextToken (/Users/naman/Enculture-Intelligence-Platform/node_modules/@babel/parser/lib/index.js:5813:10)
      at JSXParserMixin.next (/Users/naman/Enculture-Intelligence-Platform/node_modules/@babel/parser/lib/index.js:5723:10)
      at JSXParserMixin.eat (/Users/naman/Enculture-Intelligence-Platform/node_modules/@babel/parser/lib/index.js:5727:12)
      at JSXParserMixin.expect (/Users/naman/Enculture-Intelligence-Platform/node_modules/@babel/parser/lib/index.js:6929:15)
      at JSXParserMixin.jsxParseOpeningElementAfterName (/Users/naman/Enculture-Intelligence-Platform/node_modules/@babel/parser/lib/index.js:4704:10)
      at JSXParserMixin.jsxParseOpeningElementAt (/Users/naman/Enculture-Intelligence-Platform/node_modules/@babel/parser/lib/index.js:4695:17)
      at JSXParserMixin.jsxParseElementAt (/Users/naman/Enculture-Intelligence-Platform/node_modules/@babel/parser/lib/index.js:4719:33)
      at JSXParserMixin.jsxParseElementAt (/Users/naman/Enculture-Intelligence-Platform/node_modules/@babel/parser/lib/index.js:4731:32)
      at JSXParserMixin.jsxParseElementAt (/Users/naman/Enculture-Intelligence-Platform/node_modules/@babel/parser/lib/index.js:4731:32)
      at JSXParserMixin.jsxParseElementAt (/Users/naman/Enculture-Intelligence-Platform/node_modules/@babel/parser/lib/index.js:4731:32)
      at JSXParserMixin.jsxParseElementAt (/Users/naman/Enculture-Intelligence-Platform/node_modules/@babel/parser/lib/index.js:4731:32)
      at JSXParserMixin.jsxParseElement (/Users/naman/Enculture-Intelligence-Platform/node_modules/@babel/parser/lib/index.js:4782:17)
      at JSXParserMixin.parseExprAtom (/Users/naman/Enculture-Intelligence-Platform/node_modules/@babel/parser/lib/index.js:4792:19)
      at JSXParserMixin.parseExprSubscripts (/Users/naman/Enculture-Intelligence-Platform/node_modules/@babel/parser/lib/index.js:11085:23)
      at JSXParserMixin.parseUpdate (/Users/naman/Enculture-Intelligence-Platform/node_modules/@babel/parser/lib/index.js:11070:21)
      at JSXParserMixin.parseMaybeUnary (/Users/naman/Enculture-Intelligence-Platform/node_modules/@babel/parser/lib/index.js:11050:23)
      at JSXParserMixin.parseMaybeUnaryOrPrivate (/Users/naman/Enculture-Intelligence-Platform/node_modules/@babel/parser/lib/index.js:10903:61)
      at JSXParserMixin.parseExprOps (/Users/naman/Enculture-Intelligence-Platform/node_modules/@babel/parser/lib/index.js:10908:23)
      at JSXParserMixin.parseMaybeConditional (/Users/naman/Enculture-Intelligence-Platform/node_modules/@babel/parser/lib/index.js:10885:23)
      at JSXParserMixin.parseMaybeAssign (/Users/naman/Enculture-Intelligence-Platform/node_modules/@babel/parser/lib/index.js:10835:21)
      at /Users/naman/Enculture-Intelligence-Platform/node_modules/@babel/parser/lib/index.js:10804:39
      at JSXParserMixin.allowInAnd (/Users/naman/Enculture-Intelligence-Platform/node_modules/@babel/parser/lib/index.js:12436:12)
      at JSXParserMixin.parseMaybeAssignAllowIn (/Users/naman/Enculture-Intelligence-Platform/node_modules/@babel/parser/lib/index.js:10804:17)
      at JSXParserMixin.parseMaybeAssignAllowInOrVoidPattern (/Users/naman/Enculture-Intelligence-Platform/node_modules/@babel/parser/lib/index.js:12503:17)
      at JSXParserMixin.parseParenAndDistinguishExpression (/Users/naman/Enculture-Intelligence-Platform/node_modules/@babel/parser/lib/index.js:11683:28)
      at JSXParserMixin.parseExprAtom (/Users/naman/Enculture-Intelligence-Platform/node_modules/@babel/parser/lib/index.js:11335:23)
      at JSXParserMixin.parseExprAtom (/Users/naman/Enculture-Intelligence-Platform/node_modules/@babel/parser/lib/index.js:4797:20)
      at JSXParserMixin.parseExprSubscripts (/Users/naman/Enculture-Intelligence-Platform/node_modules/@babel/parser/lib/index.js:11085:23)
      at JSXParserMixin.parseUpdate (/Users/naman/Enculture-Intelligence-Platform/node_modules/@babel/parser/lib/index.js:11070:21)
      at JSXParserMixin.parseMaybeUnary (/Users/naman/Enculture-Intelligence-Platform/node_modules/@babel/parser/lib/index.js:11050:23)
      at JSXParserMixin.parseMaybeUnaryOrPrivate (/Users/naman/Enculture-Intelligence-Platform/node_modules/@babel/parser/lib/index.js:10903:61)
      at JSXParserMixin.parseExprOpBaseRightExpr (/Users/naman/Enculture-Intelligence-Platform/node_modules/@babel/parser/lib/index.js:10990:34)
      at JSXParserMixin.parseExprOpRightExpr (/Users/naman/Enculture-Intelligence-Platform/node_modules/@babel/parser/lib/index.js:10985:21)
      at JSXParserMixin.parseExprOp (/Users/naman/Enculture-Intelligence-Platform/node_modules/@babel/parser/lib/index.js:10951:27)
      at JSXParserMixin.parseExprOp (/Users/naman/Enculture-Intelligence-Platform/node_modules/@babel/parser/lib/index.js:10957:21)
      at JSXParserMixin.parseExprOps (/Users/naman/Enculture-Intelligence-Platform/node_modules/@babel/parser/lib/index.js:10912:17)
      at JSXParserMixin.parseMaybeConditional (/Users/naman/Enculture-Intelligence-Platform/node_modules/@babel/parser/lib/index.js:10885:23)
      at JSXParserMixin.parseMaybeAssign (/Users/naman/Enculture-Intelligence-Platform/node_modules/@babel/parser/lib/index.js:10835:21)
      at JSXParserMixin.parseExpressionBase (/Users/naman/Enculture-Intelligence-Platform/node_modules/@babel/parser/lib/index.js:10788:23)
      at /Users/naman/Enculture-Intelligence-Platform/node_modules/@babel/parser/lib/index.js:10784:39
      at JSXParserMixin.allowInAnd (/Users/naman/Enculture-Intelligence-Platform/node_modules/@babel/parser/lib/index.js:12436:12)
      at JSXParserMixin.parseExpression (/Users/naman/Enculture-Intelligence-Platform/node_modules/@babel/parser/lib/index.js:10784:17)
      at JSXParserMixin.jsxParseExpressionContainer (/Users/naman/Enculture-Intelligence-Platform/node_modules/@babel/parser/lib/index.js:4665:31)
      at JSXParserMixin.jsxParseElementAt (/Users/naman/Enculture-Intelligence-Platform/node_modules/@babel/parser/lib/index.js:4744:36)
      at JSXParserMixin.jsxParseElementAt (/Users/naman/Enculture-Intelligence-Platform/node_modules/@babel/parser/lib/index.js:4731:32)
      at JSXParserMixin.jsxParseElement (/Users/naman/Enculture-Intelligence-Platform/node_modules/@babel/parser/lib/index.js:4782:17)
5:18:56 PM [vite] hmr update /src/components/AIChat.jsx
5:19:14 PM [vite] hmr update /src/components/AIChat.jsx
5:19:15 PM [vite] hmr update /src/components/AIChat.jsx
5:20:22 PM [vite] hmr update /src/components/AIChat.jsx
5:20:34 PM [vite] hmr update /src/components/AIChat.jsx
5:20:34 PM [vite] Internal server error: /Users/naman/Enculture-Intelligence-Platform/src/components/AIChat.jsx: Unterminated JSX contents. (1909:39)

  1907 |             </button>
  1908 |
> 1909 |             <nav className="panel-nav">
       |                                        ^
  1910 |
  Plugin: vite:react-babel
  File: /Users/naman/Enculture-Intelligence-Platform/src/components/AIChat.jsx:1909:39
  1907|              </button>
  1908|  
  1909|              <nav className="panel-nav">
     |                                         ^
  1910|  
      at constructor (/Users/naman/Enculture-Intelligence-Platform/node_modules/@babel/parser/lib/index.js:367:19)
      at JSXParserMixin.raise (/Users/naman/Enculture-Intelligence-Platform/node_modules/@babel/parser/lib/index.js:6630:19)
      at JSXParserMixin.jsxReadToken (/Users/naman/Enculture-Intelligence-Platform/node_modules/@babel/parser/lib/index.js:4481:20)
      at JSXParserMixin.getTokenFromCode (/Users/naman/Enculture-Intelligence-Platform/node_modules/@babel/parser/lib/index.js:4807:12)
      at JSXParserMixin.nextToken (/Users/naman/Enculture-Intelligence-Platform/node_modules/@babel/parser/lib/index.js:5813:10)
      at JSXParserMixin.next (/Users/naman/Enculture-Intelligence-Platform/node_modules/@babel/parser/lib/index.js:5723:10)
      at JSXParserMixin.eat (/Users/naman/Enculture-Intelligence-Platform/node_modules/@babel/parser/lib/index.js:5727:12)
      at JSXParserMixin.expect (/Users/naman/Enculture-Intelligence-Platform/node_modules/@babel/parser/lib/index.js:6929:15)
      at JSXParserMixin.jsxParseOpeningElementAfterName (/Users/naman/Enculture-Intelligence-Platform/node_modules/@babel/parser/lib/index.js:4704:10)
      at JSXParserMixin.jsxParseOpeningElementAt (/Users/naman/Enculture-Intelligence-Platform/node_modules/@babel/parser/lib/index.js:4695:17)
      at JSXParserMixin.jsxParseElementAt (/Users/naman/Enculture-Intelligence-Platform/node_modules/@babel/parser/lib/index.js:4719:33)
      at JSXParserMixin.jsxParseElementAt (/Users/naman/Enculture-Intelligence-Platform/node_modules/@babel/parser/lib/index.js:4731:32)
      at JSXParserMixin.jsxParseElementAt (/Users/naman/Enculture-Intelligence-Platform/node_modules/@babel/parser/lib/index.js:4731:32)
      at JSXParserMixin.jsxParseElementAt (/Users/naman/Enculture-Intelligence-Platform/node_modules/@babel/parser/lib/index.js:4731:32)
      at JSXParserMixin.jsxParseElementAt (/Users/naman/Enculture-Intelligence-Platform/node_modules/@babel/parser/lib/index.js:4731:32)
      at JSXParserMixin.jsxParseElement (/Users/naman/Enculture-Intelligence-Platform/node_modules/@babel/parser/lib/index.js:4782:17)
      at JSXParserMixin.parseExprAtom (/Users/naman/Enculture-Intelligence-Platform/node_modules/@babel/parser/lib/index.js:4792:19)
      at JSXParserMixin.parseExprSubscripts (/Users/naman/Enculture-Intelligence-Platform/node_modules/@babel/parser/lib/index.js:11085:23)
      at JSXParserMixin.parseUpdate (/Users/naman/Enculture-Intelligence-Platform/node_modules/@babel/parser/lib/index.js:11070:21)
      at JSXParserMixin.parseMaybeUnary (/Users/naman/Enculture-Intelligence-Platform/node_modules/@babel/parser/lib/index.js:11050:23)
      at JSXParserMixin.parseMaybeUnaryOrPrivate (/Users/naman/Enculture-Intelligence-Platform/node_modules/@babel/parser/lib/index.js:10903:61)
      at JSXParserMixin.parseExprOps (/Users/naman/Enculture-Intelligence-Platform/node_modules/@babel/parser/lib/index.js:10908:23)
      at JSXParserMixin.parseMaybeConditional (/Users/naman/Enculture-Intelligence-Platform/node_modules/@babel/parser/lib/index.js:10885:23)
      at JSXParserMixin.parseMaybeAssign (/Users/naman/Enculture-Intelligence-Platform/node_modules/@babel/parser/lib/index.js:10835:21)
      at /Users/naman/Enculture-Intelligence-Platform/node_modules/@babel/parser/lib/index.js:10804:39
      at JSXParserMixin.allowInAnd (/Users/naman/Enculture-Intelligence-Platform/node_modules/@babel/parser/lib/index.js:12436:12)
      at JSXParserMixin.parseMaybeAssignAllowIn (/Users/naman/Enculture-Intelligence-Platform/node_modules/@babel/parser/lib/index.js:10804:17)
      at JSXParserMixin.parseMaybeAssignAllowInOrVoidPattern (/Users/naman/Enculture-Intelligence-Platform/node_modules/@babel/parser/lib/index.js:12503:17)
      at JSXParserMixin.parseParenAndDistinguishExpression (/Users/naman/Enculture-Intelligence-Platform/node_modules/@babel/parser/lib/index.js:11683:28)
      at JSXParserMixin.parseExprAtom (/Users/naman/Enculture-Intelligence-Platform/node_modules/@babel/parser/lib/index.js:11335:23)
      at JSXParserMixin.parseExprAtom (/Users/naman/Enculture-Intelligence-Platform/node_modules/@babel/parser/lib/index.js:4797:20)
      at JSXParserMixin.parseExprSubscripts (/Users/naman/Enculture-Intelligence-Platform/node_modules/@babel/parser/lib/index.js:11085:23)
      at JSXParserMixin.parseUpdate (/Users/naman/Enculture-Intelligence-Platform/node_modules/@babel/parser/lib/index.js:11070:21)
      at JSXParserMixin.parseMaybeUnary (/Users/naman/Enculture-Intelligence-Platform/node_modules/@babel/parser/lib/index.js:11050:23)
      at JSXParserMixin.parseMaybeUnaryOrPrivate (/Users/naman/Enculture-Intelligence-Platform/node_modules/@babel/parser/lib/index.js:10903:61)
      at JSXParserMixin.parseExprOps (/Users/naman/Enculture-Intelligence-Platform/node_modules/@babel/parser/lib/index.js:10908:23)
      at JSXParserMixin.parseMaybeConditional (/Users/naman/Enculture-Intelligence-Platform/node_modules/@babel/parser/lib/index.js:10885:23)
      at JSXParserMixin.parseMaybeAssign (/Users/naman/Enculture-Intelligence-Platform/node_modules/@babel/parser/lib/index.js:10835:21)
      at JSXParserMixin.parseExpressionBase (/Users/naman/Enculture-Intelligence-Platform/node_modules/@babel/parser/lib/index.js:10788:23)
      at /Users/naman/Enculture-Intelligence-Platform/node_modules/@babel/parser/lib/index.js:10784:39
      at JSXParserMixin.allowInAnd (/Users/naman/Enculture-Intelligence-Platform/node_modules/@babel/parser/lib/index.js:12431:16)
      at JSXParserMixin.parseExpression (/Users/naman/Enculture-Intelligence-Platform/node_modules/@babel/parser/lib/index.js:10784:17)
      at JSXParserMixin.parseReturnStatement (/Users/naman/Enculture-Intelligence-Platform/node_modules/@babel/parser/lib/index.js:13151:28)
      at JSXParserMixin.parseStatementContent (/Users/naman/Enculture-Intelligence-Platform/node_modules/@babel/parser/lib/index.js:12807:21)
      at JSXParserMixin.parseStatementLike (/Users/naman/Enculture-Intelligence-Platform/node_modules/@babel/parser/lib/index.js:12776:17)
      at JSXParserMixin.parseStatementListItem (/Users/naman/Enculture-Intelligence-Platform/node_modules/@babel/parser/lib/index.js:12756:17)
      at JSXParserMixin.parseBlockOrModuleBlockBody (/Users/naman/Enculture-Intelligence-Platform/node_modules/@babel/parser/lib/index.js:13325:61)
      at JSXParserMixin.parseBlockBody (/Users/naman/Enculture-Intelligence-Platform/node_modules/@babel/parser/lib/index.js:13318:10)
      at JSXParserMixin.parseBlock (/Users/naman/Enculture-Intelligence-Platform/node_modules/@babel/parser/lib/index.js:13306:10)
      at JSXParserMixin.parseFunctionBody (/Users/naman/Enculture-Intelligence-Platform/node_modules/@babel/parser/lib/index.js:12110:24)
5:20:34 PM [vite] hmr update /src/components/AIChat.jsx
5:20:44 PM [vite] hmr update /src/components/AIChat.jsx
5:20:44 PM [vite] Internal server error: /Users/naman/Enculture-Intelligence-Platform/src/components/AIChat.jsx: Unterminated JSX contents. (1909:39)

  1907 |             </button>
  1908 |
> 1909 |             <nav className="panel-nav">
       |                                        ^
  1910 |
  Plugin: vite:react-babel
  File: /Users/naman/Enculture-Intelligence-Platform/src/components/AIChat.jsx:1909:39
  1907|              </button>
  1908|  
  1909|              <nav className="panel-nav">
     |                                         ^
  1910|  
      at constructor (/Users/naman/Enculture-Intelligence-Platform/node_modules/@babel/parser/lib/index.js:367:19)
      at JSXParserMixin.raise (/Users/naman/Enculture-Intelligence-Platform/node_modules/@babel/parser/lib/index.js:6630:19)
      at JSXParserMixin.jsxReadToken (/Users/naman/Enculture-Intelligence-Platform/node_modules/@babel/parser/lib/index.js:4481:20)
      at JSXParserMixin.getTokenFromCode (/Users/naman/Enculture-Intelligence-Platform/node_modules/@babel/parser/lib/index.js:4807:12)
      at JSXParserMixin.nextToken (/Users/naman/Enculture-Intelligence-Platform/node_modules/@babel/parser/lib/index.js:5813:10)
      at JSXParserMixin.next (/Users/naman/Enculture-Intelligence-Platform/node_modules/@babel/parser/lib/index.js:5723:10)
      at JSXParserMixin.eat (/Users/naman/Enculture-Intelligence-Platform/node_modules/@babel/parser/lib/index.js:5727:12)
      at JSXParserMixin.expect (/Users/naman/Enculture-Intelligence-Platform/node_modules/@babel/parser/lib/index.js:6929:15)
      at JSXParserMixin.jsxParseOpeningElementAfterName (/Users/naman/Enculture-Intelligence-Platform/node_modules/@babel/parser/lib/index.js:4704:10)
      at JSXParserMixin.jsxParseOpeningElementAt (/Users/naman/Enculture-Intelligence-Platform/node_modules/@babel/parser/lib/index.js:4695:17)
      at JSXParserMixin.jsxParseElementAt (/Users/naman/Enculture-Intelligence-Platform/node_modules/@babel/parser/lib/index.js:4719:33)
      at JSXParserMixin.jsxParseElementAt (/Users/naman/Enculture-Intelligence-Platform/node_modules/@babel/parser/lib/index.js:4731:32)
      at JSXParserMixin.jsxParseElementAt (/Users/naman/Enculture-Intelligence-Platform/node_modules/@babel/parser/lib/index.js:4731:32)
      at JSXParserMixin.jsxParseElementAt (/Users/naman/Enculture-Intelligence-Platform/node_modules/@babel/parser/lib/index.js:4731:32)
      at JSXParserMixin.jsxParseElementAt (/Users/naman/Enculture-Intelligence-Platform/node_modules/@babel/parser/lib/index.js:4731:32)
      at JSXParserMixin.jsxParseElement (/Users/naman/Enculture-Intelligence-Platform/node_modules/@babel/parser/lib/index.js:4782:17)
      at JSXParserMixin.parseExprAtom (/Users/naman/Enculture-Intelligence-Platform/node_modules/@babel/parser/lib/index.js:4792:19)
      at JSXParserMixin.parseExprSubscripts (/Users/naman/Enculture-Intelligence-Platform/node_modules/@babel/parser/lib/index.js:11085:23)
      at JSXParserMixin.parseUpdate (/Users/naman/Enculture-Intelligence-Platform/node_modules/@babel/parser/lib/index.js:11070:21)
      at JSXParserMixin.parseMaybeUnary (/Users/naman/Enculture-Intelligence-Platform/node_modules/@babel/parser/lib/index.js:11050:23)
      at JSXParserMixin.parseMaybeUnaryOrPrivate (/Users/naman/Enculture-Intelligence-Platform/node_modules/@babel/parser/lib/index.js:10903:61)
      at JSXParserMixin.parseExprOps (/Users/naman/Enculture-Intelligence-Platform/node_modules/@babel/parser/lib/index.js:10908:23)
      at JSXParserMixin.parseMaybeConditional (/Users/naman/Enculture-Intelligence-Platform/node_modules/@babel/parser/lib/index.js:10885:23)
      at JSXParserMixin.parseMaybeAssign (/Users/naman/Enculture-Intelligence-Platform/node_modules/@babel/parser/lib/index.js:10835:21)
      at /Users/naman/Enculture-Intelligence-Platform/node_modules/@babel/parser/lib/index.js:10804:39
      at JSXParserMixin.allowInAnd (/Users/naman/Enculture-Intelligence-Platform/node_modules/@babel/parser/lib/index.js:12436:12)
      at JSXParserMixin.parseMaybeAssignAllowIn (/Users/naman/Enculture-Intelligence-Platform/node_modules/@babel/parser/lib/index.js:10804:17)
      at JSXParserMixin.parseMaybeAssignAllowInOrVoidPattern (/Users/naman/Enculture-Intelligence-Platform/node_modules/@babel/parser/lib/index.js:12503:17)
      at JSXParserMixin.parseParenAndDistinguishExpression (/Users/naman/Enculture-Intelligence-Platform/node_modules/@babel/parser/lib/index.js:11683:28)
      at JSXParserMixin.parseExprAtom (/Users/naman/Enculture-Intelligence-Platform/node_modules/@babel/parser/lib/index.js:11335:23)
      at JSXParserMixin.parseExprAtom (/Users/naman/Enculture-Intelligence-Platform/node_modules/@babel/parser/lib/index.js:4797:20)
      at JSXParserMixin.parseExprSubscripts (/Users/naman/Enculture-Intelligence-Platform/node_modules/@babel/parser/lib/index.js:11085:23)
      at JSXParserMixin.parseUpdate (/Users/naman/Enculture-Intelligence-Platform/node_modules/@babel/parser/lib/index.js:11070:21)
      at JSXParserMixin.parseMaybeUnary (/Users/naman/Enculture-Intelligence-Platform/node_modules/@babel/parser/lib/index.js:11050:23)
      at JSXParserMixin.parseMaybeUnaryOrPrivate (/Users/naman/Enculture-Intelligence-Platform/node_modules/@babel/parser/lib/index.js:10903:61)
      at JSXParserMixin.parseExprOps (/Users/naman/Enculture-Intelligence-Platform/node_modules/@babel/parser/lib/index.js:10908:23)
      at JSXParserMixin.parseMaybeConditional (/Users/naman/Enculture-Intelligence-Platform/node_modules/@babel/parser/lib/index.js:10885:23)
      at JSXParserMixin.parseMaybeAssign (/Users/naman/Enculture-Intelligence-Platform/node_modules/@babel/parser/lib/index.js:10835:21)
      at JSXParserMixin.parseExpressionBase (/Users/naman/Enculture-Intelligence-Platform/node_modules/@babel/parser/lib/index.js:10788:23)
      at /Users/naman/Enculture-Intelligence-Platform/node_modules/@babel/parser/lib/index.js:10784:39
      at JSXParserMixin.allowInAnd (/Users/naman/Enculture-Intelligence-Platform/node_modules/@babel/parser/lib/index.js:12431:16)
      at JSXParserMixin.parseExpression (/Users/naman/Enculture-Intelligence-Platform/node_modules/@babel/parser/lib/index.js:10784:17)
      at JSXParserMixin.parseReturnStatement (/Users/naman/Enculture-Intelligence-Platform/node_modules/@babel/parser/lib/index.js:13151:28)
      at JSXParserMixin.parseStatementContent (/Users/naman/Enculture-Intelligence-Platform/node_modules/@babel/parser/lib/index.js:12807:21)
      at JSXParserMixin.parseStatementLike (/Users/naman/Enculture-Intelligence-Platform/node_modules/@babel/parser/lib/index.js:12776:17)
      at JSXParserMixin.parseStatementListItem (/Users/naman/Enculture-Intelligence-Platform/node_modules/@babel/parser/lib/index.js:12756:17)
      at JSXParserMixin.parseBlockOrModuleBlockBody (/Users/naman/Enculture-Intelligence-Platform/node_modules/@babel/parser/lib/index.js:13325:61)
      at JSXParserMixin.parseBlockBody (/Users/naman/Enculture-Intelligence-Platform/node_modules/@babel/parser/lib/index.js:13318:10)
      at JSXParserMixin.parseBlock (/Users/naman/Enculture-Intelligence-Platform/node_modules/@babel/parser/lib/index.js:13306:10)
      at JSXParserMixin.parseFunctionBody (/Users/naman/Enculture-Intelligence-Platform/node_modules/@babel/parser/lib/index.js:12110:24)
5:20:44 PM [vite] hmr update /src/components/AIChat.jsx
5:21:14 PM [vite] hmr update /src/components/AIChat.jsx
5:21:15 PM [vite] hmr update /src/components/AIChat.jsx
5:21:34 PM [vite] hmr update /src/components/AIChat.jsx
5:27:33 PM [vite] hmr update /src/components/AIChat.jsx
